#
# A fatal error has been detected by the Java Runtime Environment:
#
#  EXCEPTION_ACCESS_VIOLATION (0xc0000005) at pc=0x00000000701c8d85, pid=7600, tid=3548
#
# JRE version: Java(TM) SE Runtime Environment (8.0_77-b03) (build 1.8.0_77-b03)
# Java VM: Java HotSpot(TM) 64-Bit Server VM (25.77-b03 mixed mode windows-amd64 compressed oops)
# Problematic frame:
# V  [jvm.dll+0x128d85]
#
# Failed to write core dump. Minidumps are not enabled by default on client versions of Windows
#
# If you would like to submit a bug report, please visit:
#   http://bugreport.java.com/bugreport/crash.jsp
#

---------------  T H R E A D  ---------------

Current thread (0x000000001b00e000):  JavaThread "JDWP Transport Listener: dt_socket" daemon [_thread_in_vm, id=3548, stack(0x000000001c5e0000,0x000000001c6e0000)]

siginfo: ExceptionCode=0xc0000005, reading address 0xffffffffffffffff

Registers:
RAX=0x000000001c6df401, RBX=0x000000001b00e000, RCX=0x3b746e696f506e00, RDX=0x0000000000000000
RSP=0x000000001c6df3d0, RBP=0x3b746e696f506e00, RSI=0x000000001c6df4e8, RDI=0x0000000001d892e0
R8 =0x000000001b00e000, R9 =0x000020880028000e, R10=0x0000000000000000, R11=0x000000001b0c4f5a
R12=0x0000000000000000, R13=0x000000001b015338, R14=0x0000000000000000, R15=0x0000000000000000
RIP=0x00000000701c8d85, EFLAGS=0x0000000000010206

Top of Stack: (sp=0x000000001c6df3d0)
0x000000001c6df3d0:   000000001b00e000 000000001b15de00
0x000000001c6df3e0:   000000001c6df498 00000000703ce33b
0x000000001c6df3f0:   000000001b00e000 00000000703eab9d
0x000000001c6df400:   0000000000000000 000000005e329155
0x000000001c6df410:   000000001b0fa508 000000005e33291e
0x000000001c6df420:   000000001b00e000 0000000000000000
0x000000001c6df430:   0000000000000000 0000000000000000
0x000000001c6df440:   3b746e696f506e00 000000005e331a15
0x000000001c6df450:   000000001c6df4e8 000000001c6df4c0
0x000000001c6df460:   0000000000000001 000000001b0fa508
0x000000001c6df470:   3b746e696f506e00 000000005e3153b3
0x000000001c6df480:   000000001c6df5b0 0000000000000001
0x000000001c6df490:   0000000000000001 000000001b0fa508
0x000000001c6df4a0:   00000000f000100a 0000000000000000
0x000000001c6df4b0:   0000000000000000 0000000000000000
0x000000001c6df4c0:   0000000000000001 000000005e315571 

Instructions: (pc=0x00000000701c8d85)
0x00000000701c8d65:   cc cc cc cc cc cc cc cc cc cc cc 48 83 ec 28 48
0x00000000701c8d75:   85 c9 75 07 33 c0 48 83 c4 28 c3 48 89 5c 24 20
0x00000000701c8d85:   48 8b 19 48 85 db 74 20 48 83 fb 37 74 1a 48 8b
0x00000000701c8d95:   13 48 8b cb ff 52 10 84 c0 74 0d 48 8b c3 48 8b 


Register to memory mapping:

RAX=0x000000001c6df401 is pointing into the stack for thread: 0x000000001b00e000
RBX=0x000000001b00e000 is a thread
RCX=0x3b746e696f506e00 is an unknown value
RDX=0x0000000000000000 is an unknown value
RSP=0x000000001c6df3d0 is pointing into the stack for thread: 0x000000001b00e000
RBP=0x3b746e696f506e00 is an unknown value
RSI=0x000000001c6df4e8 is pointing into the stack for thread: 0x000000001b00e000
RDI=0x0000000001d892e0 is an unknown value
R8 =0x000000001b00e000 is a thread
R9 =0x000020880028000e is an unknown value
R10=0x0000000000000000 is an unknown value
R11=0x000000001b0c4f5a is an unknown value
R12=0x0000000000000000 is an unknown value
R13=0x000000001b015338 is an unknown value
R14=0x0000000000000000 is an unknown value
R15=0x0000000000000000 is an unknown value


Stack: [0x000000001c5e0000,0x000000001c6e0000],  sp=0x000000001c6df3d0,  free space=1020k
Native frames: (J=compiled Java code, j=interpreted, Vv=VM code, C=native code)
V  [jvm.dll+0x128d85]
V  [jvm.dll+0x34ab9d]
C  [jdwp.dll+0x21a15]
C  [jdwp.dll+0x53b3]
C  [jdwp.dll+0x5571]
C  [jdwp.dll+0xf0a8]
C  [jdwp.dll+0x1f2d5]
C  [jdwp.dll+0x1f4aa]
V  [jvm.dll+0x1bba58]
V  [jvm.dll+0x243434]
V  [jvm.dll+0x29a27a]
C  [msvcr100.dll+0x21d9f]
C  [msvcr100.dll+0x21e3b]
C  [kernel32.dll+0x1652d]
C  [ntdll.dll+0x2c521]


---------------  P R O C E S S  ---------------

Java Threads: ( => current thread )
  0x000000001b0dc000 JavaThread "Service Thread" daemon [_thread_blocked, id=9756, stack(0x000000001d380000,0x000000001d480000)]
  0x000000001b04c800 JavaThread "C1 CompilerThread3" daemon [_thread_blocked, id=9668, stack(0x000000001d1b0000,0x000000001d2b0000)]
  0x000000001b03d800 JavaThread "C2 CompilerThread2" daemon [_thread_blocked, id=5792, stack(0x000000001ced0000,0x000000001cfd0000)]
  0x000000001b03c800 JavaThread "C2 CompilerThread1" daemon [_thread_blocked, id=1040, stack(0x000000001cda0000,0x000000001cea0000)]
  0x000000001b03a000 JavaThread "C2 CompilerThread0" daemon [_thread_blocked, id=9312, stack(0x000000001cbe0000,0x000000001cce0000)]
  0x000000001b024000 JavaThread "JDWP Command Reader" daemon [_thread_in_native, id=9924, stack(0x000000001ca60000,0x000000001cb60000)]
  0x000000001b01c000 JavaThread "JDWP Event Helper Thread" daemon [_thread_blocked, id=8936, stack(0x000000001c8a0000,0x000000001c9a0000)]
=>0x000000001b00e000 JavaThread "JDWP Transport Listener: dt_socket" daemon [_thread_in_vm, id=3548, stack(0x000000001c5e0000,0x000000001c6e0000)]
  0x000000001b006000 JavaThread "Attach Listener" daemon [_thread_blocked, id=6900, stack(0x000000001c390000,0x000000001c490000)]
  0x000000001b004800 JavaThread "Signal Dispatcher" daemon [_thread_blocked, id=9224, stack(0x000000001c4b0000,0x000000001c5b0000)]
  0x0000000019f52000 JavaThread "Finalizer" daemon [_thread_blocked, id=10228, stack(0x000000001c130000,0x000000001c230000)]
  0x0000000019f4a000 JavaThread "Reference Handler" daemon [_thread_blocked, id=10096, stack(0x000000001c230000,0x000000001c330000)]
  0x0000000001cdb800 JavaThread "main" [_thread_blocked, id=7752, stack(0x0000000002110000,0x0000000002210000)]

Other Threads:
  0x000000001afb2800 VMThread [stack: 0x000000001bf60000,0x000000001c060000] [id=7076]
  0x000000001b0f4800 WatcherThread [stack: 0x000000001cfd0000,0x000000001d0d0000] [id=9452]

VM state:not at safepoint (normal execution)

VM Mutex/Monitor currently owned by a thread: None

Heap:
 PSYoungGen      total 57344K, used 4915K [0x0000000780a00000, 0x0000000784a00000, 0x00000007c0000000)
  eden space 49152K, 10% used [0x0000000780a00000,0x0000000780eccdb8,0x0000000783a00000)
  from space 8192K, 0% used [0x0000000784200000,0x0000000784200000,0x0000000784a00000)
  to   space 8192K, 0% used [0x0000000783a00000,0x0000000783a00000,0x0000000784200000)
 ParOldGen       total 131072K, used 0K [0x0000000701e00000, 0x0000000709e00000, 0x0000000780a00000)
  object space 131072K, 0% used [0x0000000701e00000,0x0000000701e00000,0x0000000709e00000)
 Metaspace       used 4050K, capacity 4870K, committed 4992K, reserved 1056768K
  class space    used 460K, capacity 543K, committed 640K, reserved 1048576K

Card table byte_map: [0x0000000011990000,0x0000000011f90000] byte_map_base: 0x000000000e181000

Marking Bits: (ParMarkBitMap*) 0x00000000708b0600
 Begin Bits: [0x0000000013050000, 0x0000000015fd8000)
 End Bits:   [0x0000000015fd8000, 0x0000000018f60000)

Polling page: 0x0000000000440000

CodeCache: size=245760Kb used=1551Kb max_used=1554Kb free=244208Kb
 bounds [0x00000000025d0000, 0x0000000002840000, 0x00000000115d0000]
 total_blobs=504 nmethods=253 adapters=172
 compilation: enabled

Compilation events (10 events):
Event: 7.954 Thread 0x000000001b03a000 nmethod 243 0x0000000002754910 code [0x0000000002754a60, 0x0000000002754d78]
Event: 7.954 Thread 0x000000001b04c800 nmethod 246 0x00000000027523d0 code [0x0000000002752540, 0x00000000027527e8]
Event: 7.954 Thread 0x000000001b04c800  247       3       jdk.internal.org.objectweb.asm.ByteVector::enlarge (51 bytes)
Event: 7.954 Thread 0x000000001b04c800 nmethod 247 0x0000000002751e10 code [0x0000000002751f80, 0x00000000027522c8]
Event: 7.956 Thread 0x000000001b04c800  250       1       java.lang.invoke.MethodTypeForm::basicType (5 bytes)
Event: 7.956 Thread 0x000000001b04c800 nmethod 250 0x0000000002754650 code [0x00000000027547a0, 0x00000000027548b0]
Event: 11.894 Thread 0x000000001b04c800  252       3       sun.invoke.util.Wrapper::forBasicType (16 bytes)
Event: 11.895 Thread 0x000000001b04c800 nmethod 252 0x0000000002754190 code [0x0000000002754300, 0x0000000002754578]
Event: 11.895 Thread 0x000000001b04c800  253       3       jdk.internal.org.objectweb.asm.ClassWriter::put122 (15 bytes)
Event: 11.895 Thread 0x000000001b04c800 nmethod 253 0x0000000002753cd0 code [0x0000000002753e40, 0x0000000002754058]

GC Heap History (0 events):
No events

Deoptimization events (1 events):
Event: 7.908 Thread 0x0000000001cdb800 Uncommon trap: reason=unstable_if action=reinterpret pc=0x00000000026f1544 method=java.lang.String.hashCode()I @ 14

Internal exceptions (4 events):
Event: 0.027 Thread 0x0000000001cdb800 Exception <a 'java/lang/NoSuchMethodError': Method sun.misc.Unsafe.defineClass(Ljava/lang/String;[BII)Ljava/lang/Class; name or signature does not match> (0x0000000780a07cc0) thrown at [D:\re\workspace\8-2-build-windows-amd64-cygwin\jdk8u77\6540\hotspot\srЫГKэtШ›?
Event: 0.027 Thread 0x0000000001cdb800 Exception <a 'java/lang/NoSuchMethodError': Method sun.misc.Unsafe.prefetchRead(Ljava/lang/Object;J)V name or signature does not match> (0x0000000780a07fa8) thrown at [D:\re\workspace\8-2-build-windows-amd64-cygwin\jdk8u77\6540\hotspot\src\share\vm\prims\jЋЉъNЌГ@
Event: 7.941 Thread 0x0000000001cdb800 Exception <a 'java/lang/NoSuchFieldError': method resolution failed> (0x0000000780da3a50) thrown at [D:\re\workspace\8-2-build-windows-amd64-cygwin\jdk8u77\6540\hotspot\src\share\vm\prims\methodHandles.cpp, line 1146]
Event: 7.943 Thread 0x0000000001cdb800 Exception <a 'java/lang/NoSuchFieldError': method resolution failed> (0x0000000780db0e50) thrown at [D:\re\workspace\8-2-build-windows-amd64-cygwin\jdk8u77\6540\hotspot\src\share\vm\prims\methodHandles.cpp, line 1146]

Events (10 events):
Event: 4437.798 Executing VM operation: ChangeBreakpoints
Event: 4437.798 Executing VM operation: ChangeBreakpoints done
Event: 4437.798 Executing VM operation: ChangeBreakpoints
Event: 4437.798 Executing VM operation: ChangeBreakpoints done
Event: 4437.798 Executing VM operation: ChangeBreakpoints
Event: 4437.798 Executing VM operation: ChangeBreakpoints done
Event: 4437.799 Executing VM operation: ChangeBreakpoints
Event: 4437.799 Executing VM operation: ChangeBreakpoints done
Event: 4437.800 Executing VM operation: RedefineClasses
Event: 4437.801 Executing VM operation: RedefineClasses done


Dynamic libraries:
0x000000013f490000 - 0x000000013f4c7000 	C:\Program Files\Java\jdk1.8.0_77\bin\java.exe
0x0000000076ea0000 - 0x0000000077049000 	C:\Windows\SYSTEM32\ntdll.dll
0x0000000076d80000 - 0x0000000076e9f000 	C:\Windows\system32\kernel32.dll
0x000007fefd020000 - 0x000007fefd08b000 	C:\Windows\system32\KERNELBASE.dll
0x000007fefe690000 - 0x000007fefe76b000 	C:\Windows\system32\ADVAPI32.dll
0x000007fefe570000 - 0x000007fefe60f000 	C:\Windows\system32\msvcrt.dll
0x000007fefed10000 - 0x000007fefed2f000 	C:\Windows\SYSTEM32\sechost.dll
0x000007fefe770000 - 0x000007fefe89d000 	C:\Windows\system32\RPCRT4.dll
0x0000000076c80000 - 0x0000000076d7a000 	C:\Windows\system32\USER32.dll
0x000007fefe610000 - 0x000007fefe677000 	C:\Windows\system32\GDI32.dll
0x000007fefe680000 - 0x000007fefe68e000 	C:\Windows\system32\LPK.dll
0x000007fefe920000 - 0x000007fefe9e9000 	C:\Windows\system32\USP10.dll
0x000007fefb200000 - 0x000007fefb3f4000 	C:\Windows\WinSxS\amd64_microsoft.windows.common-controls_6595b64144ccf1df_6.0.7601.17514_none_fa396087175ac9ac\COMCTL32.dll
0x000007fefed30000 - 0x000007fefeda1000 	C:\Windows\system32\SHLWAPI.dll
0x000007fefe8f0000 - 0x000007fefe91e000 	C:\Windows\system32\IMM32.DLL
0x000007fefec00000 - 0x000007fefed09000 	C:\Windows\system32\MSCTF.dll
0x0000000077220000 - 0x00000000772f2000 	C:\Program Files\Java\jdk1.8.0_77\jre\bin\msvcr100.dll
0x00000000700a0000 - 0x0000000070930000 	C:\Program Files\Java\jdk1.8.0_77\jre\bin\server\jvm.dll
0x000007fef9750000 - 0x000007fef9759000 	C:\Windows\system32\WSOCK32.dll
0x000007fefe8a0000 - 0x000007fefe8ed000 	C:\Windows\system32\WS2_32.dll
0x000007fefee50000 - 0x000007fefee58000 	C:\Windows\system32\NSI.dll
0x000007fef9b00000 - 0x000007fef9b3b000 	C:\Windows\system32\WINMM.dll
0x000007fefbdd0000 - 0x000007fefbddc000 	C:\Windows\system32\VERSION.dll
0x0000000077070000 - 0x0000000077077000 	C:\Windows\system32\PSAPI.DLL
0x000000005c630000 - 0x000000005c63f000 	C:\Program Files\Java\jdk1.8.0_77\jre\bin\verify.dll
0x000000005c600000 - 0x000000005c629000 	C:\Program Files\Java\jdk1.8.0_77\jre\bin\java.dll
0x000000005e310000 - 0x000000005e345000 	C:\Program Files\Java\jdk1.8.0_77\jre\bin\jdwp.dll
0x000000005e380000 - 0x000000005e388000 	C:\Program Files\Java\jdk1.8.0_77\jre\bin\npt.dll
0x00000000513d0000 - 0x00000000513e6000 	C:\Program Files\Java\jdk1.8.0_77\jre\bin\zip.dll
0x000007fefd7e0000 - 0x000007fefe568000 	C:\Windows\system32\SHELL32.dll
0x000007fefe9f0000 - 0x000007fefebf3000 	C:\Windows\system32\ole32.dll
0x000007fefcce0000 - 0x000007fefccef000 	C:\Windows\system32\profapi.dll
0x000000005e370000 - 0x000000005e379000 	C:\Program Files\Java\jdk1.8.0_77\jre\bin\dt_socket.dll
0x000007fefc520000 - 0x000007fefc575000 	C:\Windows\system32\mswsock.dll
0x000007fefbfc0000 - 0x000007fefbfc7000 	C:\Windows\System32\wshtcpip.dll
0x000007fef8a00000 - 0x000007fef8b25000 	C:\Windows\system32\dbghelp.dll

VM Arguments:
jvm_args: -agentlib:jdwp=transport=dt_socket,address=127.0.0.1:49691,suspend=y,server=n -Dfile.encoding=UTF-8 
java_command: diploma.clustering.dbscan.PointsDbscan
java_class_path (initial): C:\Program Files\Java\jdk1.8.0_77\jre\lib\charsets.jar;C:\Program Files\Java\jdk1.8.0_77\jre\lib\deploy.jar;C:\Program Files\Java\jdk1.8.0_77\jre\lib\javaws.jar;C:\Program Files\Java\jdk1.8.0_77\jre\lib\jce.jar;C:\Program Files\Java\jdk1.8.0_77\jre\lib\jfr.jar;C:\Program Files\Java\jdk1.8.0_77\jre\lib\jfxswt.jar;C:\Program Files\Java\jdk1.8.0_77\jre\lib\jsse.jar;C:\Program Files\Java\jdk1.8.0_77\jre\lib\management-agent.jar;C:\Program Files\Java\jdk1.8.0_77\jre\lib\plugin.jar;C:\Program Files\Java\jdk1.8.0_77\jre\lib\resources.jar;C:\Program Files\Java\jdk1.8.0_77\jre\lib\rt.jar;C:\Program Files\Java\jdk1.8.0_77\jre\lib\ext\access-bridge-64.jar;C:\Program Files\Java\jdk1.8.0_77\jre\lib\ext\cldrdata.jar;C:\Program Files\Java\jdk1.8.0_77\jre\lib\ext\dnsns.jar;C:\Program Files\Java\jdk1.8.0_77\jre\lib\ext\jaccess.jar;C:\Program Files\Java\jdk1.8.0_77\jre\lib\ext\jfxrt.jar;C:\Program Files\Java\jdk1.8.0_77\jre\lib\ext\localedata.jar;C:\Program Files\Java\jdk1.8.0_77\jre\lib\ext\nashorn.jar;C:\Program Files\Java\jdk1.8.0_77\jre\lib\ext\sunec.jar;C:\Program Files\Java\jdk1.8.0_77\jre\lib\ext\sunjce_provider.jar;C:\Program Files\Java\jdk1.8.0_77\jre\lib\ext\sunmscapi.jar;C:\Program Files\Java\jdk1.8.0_77\jre\lib\ext\sunpkcs11.jar;C:\Program Files\Java\jdk1.8.0_77\jre\lib\ext\zipfs.jar;D:\MSU\diploma\text-clustering\target\classes;D:\Java\MavenRepository\org\twitter4j\twitter4j-core\4.0.4\twitter4j-core-4.0.4.jar;D:\Java\MavenRepository\edu\stanford\nlp\stanford-corenlp\3.6.0\stanford-corenlp-3.6.0.jar;D:\Java\MavenRepository\com\io7m\xom\xom\1.2.10\xom-1.2.10.jar;D:\Java\MavenRepository\xml-apis\xml-apis\1.3.03\xml-apis-1.3.03.jar;D:\Java\MavenRepository\xerces\xercesImpl\2.8.0\xercesImpl-2.8.0.jar;D:\Java\MavenRepository\xalan\xalan\2.7.0\xalan-2.7.0.jar;D:\Java\MavenRepository\joda-time\joda-time\2.9\joda-time-2.9.jar;D:\Java\MavenRepository\de\jollyday\jollyday\0.4.7\jollyday-0.4.7.jar;D:\Java\MavenRepository\javax\xml\bind\jaxb-api\2.2.7\ja
Launcher Type: SUN_STANDARD

Environment Variables:
JAVA_HOME=C:\Program Files\Java\jdk1.8.0_77
PATH=C:\Windows\system32;C:\Windows;C:\Windows\system32\wbem;C:\Program Files (x86)\Common Files\Intel\Shared Files\cpp\bin\Intel64;C:\Program Files (x86)\CollabNet;C:\Program Files (x86)\Embarcadero\Studio\15.0\bin;C:\Users\Public\Documents\Embarcadero\Studio\15.0\Bpl;C:\Program Files (x86)\Embarcadero\Studio\15.0\bin64;C:\Users\Public\Documents\Embarcadero\Studio\15.0\Bpl\Win64;C:\Windows\System32\WindowsPowerShell\v1.0;C:\Program Files\Microsoft\Web Platform Installer;C:\Program Files (x86)\Microsoft ASP.NET\ASP.NET Web Pages\v1.0;C:\Program Files (x86)\Windows Kits\8.0\Windows Performance Toolkit;C:\Program Files\Microsoft SQL Server\110\Tools\Binn;C:\Program Files\TortoiseGit\bin;C:\wamp\bin\php\php5.5.12;C:\wamp\www;C:\ProgramData\ComposerSetup\bin;C:\Program Files\Microsoft SQL Server\110\DTS\Binn;C:\Program Files (x86)\Microsoft SQL Server\110\Tools\Binn;C:\Program Files (x86)\Microsoft SQL Server\110\Tools\Binn\ManagementStudio;C:\Program Files (x86)\Microsoft Visual Studio 10.0\Common7\IDE\PrivateAssemblies;C:\Program Files (x86)\Microsoft SQL Server\110\DTS\Binn;C:\Program Files\MiKTeX 2.9\miktex\bin\x64;C:\Program Files\cURL\bin;C:\Program Files (x86)\MySQL\MySQL Utilities;C:\Program Files (x86)\MySQL\MySQL Utilities\Doctrine extensions for PHP;C:\Program Files\Git\cmd;C:\Program Files\Git\mingw64\bin;C:\Program Files\Git\usr\bin;C:\apache-maven-3.3.3\bin;C:\Program File;C:\HashiCorp\Vagrant\bin;C:\Program Files (x86)\nodejs;C:\Users\Никита\AppData\Roaming\npm\node_modules\bower\bin;C:\Program Files (x86)\Skype\Phone\;%TOMCAT_HOME%\bin;C:\Program Files (x86)\scala\bin;C:\Python34;C:\Python34\Lib\site-packages\;C:\Python34\Scripts\;%STORM_HOME%\bin;%JAVA_HOME%\bin;C:\Ruby193\bin;C:\Ruby22-x64\bin;C:\Program Files\Ruby22-x64\bin;C:\Users\Никита\AppData\Local\Code\bin;C:\Users\Никита\AppData\Roaming\npm;C:\opencv\build\x86\vc11\bin;C:\Program Files (x86)\Microsoft VS Code\bin
USERNAME=Никита
OS=Windows_NT
PROCESSOR_IDENTIFIER=Intel64 Family 6 Model 60 Stepping 3, GenuineIntel



---------------  S Y S T E M  ---------------

OS: Windows 7 , 64 bit Build 7601 (6.1.7601.18015)

CPU:total 8 (4 cores per cpu, 2 threads per core) family 6 model 60 stepping 3, cmov, cx8, fxsr, mmx, sse, sse2, sse3, ssse3, sse4.1, sse4.2, popcnt, avx, avx2, aes, clmul, erms, rtm, lzcnt, ht, tsc, tscinvbit, bmi1, bmi2

Memory: 4k page, physical 12456196k(6482812k free), swap 18556352k(5591220k free)

vm_info: Java HotSpot(TM) 64-Bit Server VM (25.77-b03) for windows-amd64 JRE (1.8.0_77-b03), built on Mar 20 2016 22:01:33 by "java_re" with MS VC++ 10.0 (VS2010)

time: Tue Dec 13 20:20:14 2016
elapsed time: 4437 seconds (0d 1h 13m 57s)

